# JRE version: Java(TM) SE Runtime Environment (7.0_60-b19) (build 1.7.0_60-b19)
# Java VM: Java HotSpot(TM) 64-Bit Server VM (24.60-b09 mixed mode windows-amd64 compressed oops)
Heap
 PSYoungGen      total 512512K, used 103823K [0x00000007d6f00000, 0x00000007f7400000, 0x0000000800000000)
  eden space 497664K, 19% used [0x00000007d6f00000,0x00000007dcc6b1c8,0x00000007f5500000)
  from space 14848K, 54% used [0x00000007f6580000,0x00000007f6d78de8,0x00000007f7400000)
  to   space 15872K, 0% used [0x00000007f5500000,0x00000007f5500000,0x00000007f6480000)
 ParOldGen       total 83968K, used 16253K [0x0000000784e00000, 0x000000078a000000, 0x00000007d6f00000)
  object space 83968K, 19% used [0x0000000784e00000,0x0000000785ddf670,0x000000078a000000)
 PSPermGen       total 33280K, used 33063K [0x000000077ce00000, 0x000000077ee80000, 0x0000000784e00000)
  object space 33280K, 99% used [0x000000077ce00000,0x000000077ee49cf0,0x000000077ee80000)
GC Heap History (10 events):
Event: 3.012 GC heap before
{Heap before GC invocations=4 (full 0):
 PSYoungGen      total 68608K, used 68605K [0x00000007d6f00000, 0x00000007df500000, 0x0000000800000000)
  eden space 63488K, 100% used [0x00000007d6f00000,0x00000007dad00000,0x00000007dad00000)
  from space 5120K, 99% used [0x00000007dad00000,0x00000007db1ff478,0x00000007db200000)
  to   space 5120K, 0% used [0x00000007df000000,0x00000007df000000,0x00000007df500000)
 ParOldGen       total 83968K, used 1429K [0x0000000784e00000, 0x000000078a000000, 0x00000007d6f00000)
  object space 83968K, 1% used [0x0000000784e00000,0x0000000784f655a8,0x000000078a000000)
 PSPermGen       total 21504K, used 16276K [0x000000077ce00000, 0x000000077e300000, 0x0000000784e00000)
  object space 21504K, 75% used [0x000000077ce00000,0x000000077dde5270,0x000000077e300000)
Event: 3.034 GC heap after
Heap after GC invocations=4 (full 0):
 PSYoungGen      total 132096K, used 5090K [0x00000007d6f00000, 0x00000007df500000, 0x0000000800000000)
  eden space 126976K, 0% used [0x00000007d6f00000,0x00000007d6f00000,0x00000007deb00000)
  from space 5120K, 99% used [0x00000007df000000,0x00000007df4f8a70,0x00000007df500000)
  to   space 5120K, 0% used [0x00000007deb00000,0x00000007deb00000,0x00000007df000000)
 ParOldGen       total 83968K, used 1825K [0x0000000784e00000, 0x000000078a000000, 0x00000007d6f00000)
  object space 83968K, 2% used [0x0000000784e00000,0x0000000784fc8618,0x000000078a000000)
 PSPermGen       total 21504K, used 16276K [0x000000077ce00000, 0x000000077e300000, 0x0000000784e00000)
  object space 21504K, 75% used [0x000000077ce00000,0x000000077dde5270,0x000000077e300000)
}
Event: 3.514 GC heap before
{Heap before GC invocations=5 (full 0):
 PSYoungGen      total 132096K, used 132066K [0x00000007d6f00000, 0x00000007df500000, 0x0000000800000000)
  eden space 126976K, 100% used [0x00000007d6f00000,0x00000007deb00000,0x00000007deb00000)
  from space 5120K, 99% used [0x00000007df000000,0x00000007df4f8a70,0x00000007df500000)
  to   space 5120K, 0% used [0x00000007deb00000,0x00000007deb00000,0x00000007df000000)
 ParOldGen       total 83968K, used 1825K [0x0000000784e00000, 0x000000078a000000, 0x00000007d6f00000)
  object space 83968K, 2% used [0x0000000784e00000,0x0000000784fc8618,0x000000078a000000)
 PSPermGen       total 21504K, used 16644K [0x000000077ce00000, 0x000000077e300000, 0x0000000784e00000)
  object space 21504K, 77% used [0x000000077ce00000,0x000000077de41320,0x000000077e300000)
Event: 3.526 GC heap after
Heap after GC invocations=5 (full 0):
 PSYoungGen      total 132096K, used 5090K [0x00000007d6f00000, 0x00000007e7600000, 0x0000000800000000)
  eden space 126976K, 0% used [0x00000007d6f00000,0x00000007d6f00000,0x00000007deb00000)
  from space 5120K, 99% used [0x00000007deb00000,0x00000007deff8a50,0x00000007df000000)
  to   space 7680K, 0% used [0x00000007e6e80000,0x00000007e6e80000,0x00000007e7600000)
 ParOldGen       total 83968K, used 3290K [0x0000000784e00000, 0x000000078a000000, 0x00000007d6f00000)
  object space 83968K, 3% used [0x0000000784e00000,0x0000000785136938,0x000000078a000000)
 PSPermGen       total 21504K, used 16644K [0x000000077ce00000, 0x000000077e300000, 0x0000000784e00000)
  object space 21504K, 77% used [0x000000077ce00000,0x000000077de41320,0x000000077e300000)
}
Event: 5.133 GC heap before
{Heap before GC invocations=6 (full 0):
 PSYoungGen      total 132096K, used 132066K [0x00000007d6f00000, 0x00000007e7600000, 0x0000000800000000)
  eden space 126976K, 100% used [0x00000007d6f00000,0x00000007deb00000,0x00000007deb00000)
  from space 5120K, 99% used [0x00000007deb00000,0x00000007deff8a50,0x00000007df000000)
  to   space 7680K, 0% used [0x00000007e6e80000,0x00000007e6e80000,0x00000007e7600000)
 ParOldGen       total 83968K, used 3290K [0x0000000784e00000, 0x000000078a000000, 0x00000007d6f00000)
  object space 83968K, 3% used [0x0000000784e00000,0x0000000785136938,0x000000078a000000)
 PSPermGen       total 24064K, used 23705K [0x000000077ce00000, 0x000000077e580000, 0x0000000784e00000)
  object space 24064K, 98% used [0x000000077ce00000,0x000000077e526750,0x000000077e580000)
Event: 5.152 GC heap after
Heap after GC invocations=6 (full 0):
 PSYoungGen      total 256512K, used 7669K [0x00000007d6f00000, 0x00000007e8000000, 0x0000000800000000)
  eden space 248832K, 0% used [0x00000007d6f00000,0x00000007d6f00000,0x00000007e6200000)
  from space 7680K, 99% used [0x00000007e6e80000,0x00000007e75fd5c8,0x00000007e7600000)
  to   space 12800K, 0% used [0x00000007e6200000,0x00000007e6200000,0x00000007e6e80000)
 ParOldGen       total 83968K, used 11068K [0x0000000784e00000, 0x000000078a000000, 0x00000007d6f00000)
  object space 83968K, 13% used [0x0000000784e00000,0x00000007858cf1b0,0x000000078a000000)
 PSPermGen       total 24064K, used 23705K [0x000000077ce00000, 0x000000077e580000, 0x0000000784e00000)
  object space 24064K, 98% used [0x000000077ce00000,0x000000077e526750,0x000000077e580000)
}
Event: 73.617 GC heap before
{Heap before GC invocations=7 (full 0):
 PSYoungGen      total 256512K, used 256501K [0x00000007d6f00000, 0x00000007e8000000, 0x0000000800000000)
  eden space 248832K, 100% used [0x00000007d6f00000,0x00000007e6200000,0x00000007e6200000)
  from space 7680K, 99% used [0x00000007e6e80000,0x00000007e75fd5c8,0x00000007e7600000)
  to   space 12800K, 0% used [0x00000007e6200000,0x00000007e6200000,0x00000007e6e80000)
 ParOldGen       total 83968K, used 11068K [0x0000000784e00000, 0x000000078a000000, 0x00000007d6f00000)
  object space 83968K, 13% used [0x0000000784e00000,0x00000007858cf1b0,0x000000078a000000)
 PSPermGen       total 32768K, used 32611K [0x000000077ce00000, 0x000000077ee00000, 0x0000000784e00000)
  object space 32768K, 99% used [0x000000077ce00000,0x000000077edd8fe8,0x000000077ee00000)
Event: 73.643 GC heap after
Heap after GC invocations=7 (full 0):
 PSYoungGen      total 261632K, used 12776K [0x00000007d6f00000, 0x00000007f7600000, 0x0000000800000000)
  eden space 248832K, 0% used [0x00000007d6f00000,0x00000007d6f00000,0x00000007e6200000)
  from space 12800K, 99% used [0x00000007e6200000,0x00000007e6e7a210,0x00000007e6e80000)
  to   space 16896K, 0% used [0x00000007f6580000,0x00000007f6580000,0x00000007f7600000)
 ParOldGen       total 83968K, used 14640K [0x0000000784e00000, 0x000000078a000000, 0x00000007d6f00000)
  object space 83968K, 17% used [0x0000000784e00000,0x0000000785c4c198,0x000000078a000000)
 PSPermGen       total 32768K, used 32611K [0x000000077ce00000, 0x000000077ee00000, 0x0000000784e00000)
  object space 32768K, 99% used [0x000000077ce00000,0x000000077edd8fe8,0x000000077ee00000)
}
Event: 495.530 GC heap before
{Heap before GC invocations=8 (full 0):
 PSYoungGen      total 261632K, used 261608K [0x00000007d6f00000, 0x00000007f7600000, 0x0000000800000000)
  eden space 248832K, 100% used [0x00000007d6f00000,0x00000007e6200000,0x00000007e6200000)
  from space 12800K, 99% used [0x00000007e6200000,0x00000007e6e7a210,0x00000007e6e80000)
  to   space 16896K, 0% used [0x00000007f6580000,0x00000007f6580000,0x00000007f7600000)
 ParOldGen       total 83968K, used 14640K [0x0000000784e00000, 0x000000078a000000, 0x00000007d6f00000)
  object space 83968K, 17% used [0x0000000784e00000,0x0000000785c4c198,0x000000078a000000)
 PSPermGen       total 33280K, used 33051K [0x000000077ce00000, 0x000000077ee80000, 0x0000000784e00000)
  object space 33280K, 99% used [0x000000077ce00000,0x000000077ee46c98,0x000000077ee80000)
Event: 495.550 GC heap after
Heap after GC invocations=8 (full 0):
 PSYoungGen      total 512512K, used 8163K [0x00000007d6f00000, 0x00000007f7400000, 0x0000000800000000)
  eden space 497664K, 0% used [0x00000007d6f00000,0x00000007d6f00000,0x00000007f5500000)
  from space 14848K, 54% used [0x00000007f6580000,0x00000007f6d78de8,0x00000007f7400000)
  to   space 15872K, 0% used [0x00000007f5500000,0x00000007f5500000,0x00000007f6480000)
 ParOldGen       total 83968K, used 16253K [0x0000000784e00000, 0x000000078a000000, 0x00000007d6f00000)
  object space 83968K, 19% used [0x0000000784e00000,0x0000000785ddf670,0x000000078a000000)
 PSPermGen       total 33280K, used 33051K [0x000000077ce00000, 0x000000077ee80000, 0x0000000784e00000)
  object space 33280K, 99% used [0x000000077ce00000,0x000000077ee46c98,0x000000077ee80000)
}

